<?xml version="1.0" encoding="UTF-8"?>
<robot generator="Robot 7.1.1 (Python 3.13.0 on win32)" generated="2025-05-29T19:04:57.957662" rpa="false" schemaversion="5">
<suite id="s1" name="Test Orange" source="C:\repositorio\test_web01\test_orange.robot">
<test id="s1-t1" name="TC01 - Acessar o site do Orange HRM" line="17">
<kw name="Abrir o navegador e acessar o site" owner="orange" type="SETUP">
<kw name="Set Selenium Speed" owner="SeleniumLibrary">
<arg>value=0.5</arg>
<doc>Sets the delay that is waited after each Selenium command.</doc>
<status status="PASS" start="2025-05-29T19:04:58.434768" elapsed="0.000358"/>
</kw>
<kw name="Open Browser" owner="SeleniumLibrary">
<msg time="2025-05-29T19:04:58.435843" level="INFO">Opening browser 'edge' to base url 'https://opensource-demo.orangehrmlive.com/web/index.php/auth/login'.</msg>
<arg>browser=${BROWSER}</arg>
<arg>url=${URL}</arg>
<doc>Opens a new browser instance to the optional ``url``.</doc>
<status status="PASS" start="2025-05-29T19:04:58.435408" elapsed="5.688314"/>
</kw>
<kw name="Maximize Browser Window" owner="SeleniumLibrary">
<doc>Maximizes current browser window.</doc>
<status status="PASS" start="2025-05-29T19:05:04.124050" elapsed="0.763631"/>
</kw>
<status status="PASS" start="2025-05-29T19:04:58.433380" elapsed="6.454499"/>
</kw>
<kw name="Verificar se a página foi aberta" owner="orange">
<kw name="Wait Until Element Is Visible" owner="SeleniumLibrary">
<arg>locator=${INPUT_USERNAME}</arg>
<arg>timeout=15s</arg>
<doc>Waits until the element ``locator`` is visible.</doc>
<status status="PASS" start="2025-05-29T19:05:04.889139" elapsed="1.033541"/>
</kw>
<status status="PASS" start="2025-05-29T19:05:04.888491" elapsed="1.034403"/>
</kw>
<kw name="Close Browser" owner="SeleniumLibrary" type="TEARDOWN">
<doc>Closes the current browser.</doc>
<status status="PASS" start="2025-05-29T19:05:05.923615" elapsed="2.690233"/>
</kw>
<tag>Login</tag>
<tag>TC01</tag>
<status status="PASS" start="2025-05-29T19:04:58.432036" elapsed="10.182182"/>
</test>
<test id="s1-t2" name="TC02 - Acessar o site do Orange HRM e fazer login" line="22">
<kw name="Abrir o navegador e acessar o site" owner="orange" type="SETUP">
<kw name="Set Selenium Speed" owner="SeleniumLibrary">
<arg>value=0.5</arg>
<doc>Sets the delay that is waited after each Selenium command.</doc>
<status status="PASS" start="2025-05-29T19:05:08.616761" elapsed="0.000290"/>
</kw>
<kw name="Open Browser" owner="SeleniumLibrary">
<msg time="2025-05-29T19:05:08.617664" level="INFO">Opening browser 'edge' to base url 'https://opensource-demo.orangehrmlive.com/web/index.php/auth/login'.</msg>
<arg>browser=${BROWSER}</arg>
<arg>url=${URL}</arg>
<doc>Opens a new browser instance to the optional ``url``.</doc>
<status status="PASS" start="2025-05-29T19:05:08.617294" elapsed="5.452450"/>
</kw>
<kw name="Maximize Browser Window" owner="SeleniumLibrary">
<doc>Maximizes current browser window.</doc>
<status status="PASS" start="2025-05-29T19:05:14.070172" elapsed="0.558476"/>
</kw>
<status status="PASS" start="2025-05-29T19:05:08.616348" elapsed="6.012490"/>
</kw>
<kw name="Informar o nome de usuário" owner="orange">
<kw name="Input Text" owner="SeleniumLibrary">
<msg time="2025-05-29T19:05:14.630693" level="INFO">Typing text 'Admin' into text field '//Input[@name="username"]'.</msg>
<arg>locator=${INPUT_USERNAME}</arg>
<arg>text=${nome}</arg>
<doc>Types the given ``text`` into the text field identified by ``locator``.</doc>
<status status="PASS" start="2025-05-29T19:05:14.630099" elapsed="1.616584"/>
</kw>
<arg>${USER_NAME}</arg>
<status status="PASS" start="2025-05-29T19:05:14.629368" elapsed="1.617520"/>
</kw>
<kw name="Informar a senha" owner="orange">
<kw name="Input Text" owner="SeleniumLibrary">
<msg time="2025-05-29T19:05:16.248420" level="INFO">Typing text 'admin123' into text field '//input[@name="password"]'.</msg>
<arg>locator=${INPUT_PASSWORD}</arg>
<arg>text=${password}</arg>
<doc>Types the given ``text`` into the text field identified by ``locator``.</doc>
<status status="PASS" start="2025-05-29T19:05:16.248010" elapsed="1.644684"/>
</kw>
<arg>${PASSWORD}</arg>
<status status="PASS" start="2025-05-29T19:05:16.247455" elapsed="1.645532"/>
</kw>
<kw name="Clicar no botão de login" owner="orange">
<kw name="Click Element" owner="SeleniumLibrary">
<msg time="2025-05-29T19:05:17.895230" level="INFO">Clicking element '//button[@class="oxd-button oxd-button--medium oxd-button--main orangehrm-login-button"]'.</msg>
<arg>locator=${BUTTON_LOGIN}</arg>
<doc>Click the element identified by ``locator``.</doc>
<status status="PASS" start="2025-05-29T19:05:17.894727" elapsed="3.223981"/>
</kw>
<status status="PASS" start="2025-05-29T19:05:17.894085" elapsed="3.224948"/>
</kw>
<kw name="Verificar se o login foi feito" owner="orange">
<kw name="Wait Until Element Is Visible" owner="SeleniumLibrary">
<arg>locator=${BUTTON_UPGRADE}</arg>
<arg>timeout=15s</arg>
<doc>Waits until the element ``locator`` is visible.</doc>
<status status="PASS" start="2025-05-29T19:05:21.120212" elapsed="1.133572"/>
</kw>
<status status="PASS" start="2025-05-29T19:05:21.119721" elapsed="1.134312"/>
</kw>
<kw name="Close Browser" owner="SeleniumLibrary" type="TEARDOWN">
<doc>Closes the current browser.</doc>
<status status="PASS" start="2025-05-29T19:05:22.254734" elapsed="2.680075"/>
</kw>
<tag>Login</tag>
<tag>TC02</tag>
<status status="PASS" start="2025-05-29T19:05:08.615492" elapsed="16.319688"/>
</test>
<test id="s1-t3" name="TC03 - Acessar o site do Orange HRM e fazer login com username inválido" line="30">
<kw name="Abrir o navegador e acessar o site" owner="orange" type="SETUP">
<kw name="Set Selenium Speed" owner="SeleniumLibrary">
<arg>value=0.5</arg>
<doc>Sets the delay that is waited after each Selenium command.</doc>
<status status="PASS" start="2025-05-29T19:05:24.937987" elapsed="0.000279"/>
</kw>
<kw name="Open Browser" owner="SeleniumLibrary">
<msg time="2025-05-29T19:05:24.938888" level="INFO">Opening browser 'edge' to base url 'https://opensource-demo.orangehrmlive.com/web/index.php/auth/login'.</msg>
<arg>browser=${BROWSER}</arg>
<arg>url=${URL}</arg>
<doc>Opens a new browser instance to the optional ``url``.</doc>
<status status="PASS" start="2025-05-29T19:05:24.938516" elapsed="5.476184"/>
</kw>
<kw name="Maximize Browser Window" owner="SeleniumLibrary">
<doc>Maximizes current browser window.</doc>
<status status="PASS" start="2025-05-29T19:05:30.414994" elapsed="0.544698"/>
</kw>
<status status="PASS" start="2025-05-29T19:05:24.937592" elapsed="6.022419"/>
</kw>
<kw name="Informar o nome de usuário" owner="orange">
<kw name="Input Text" owner="SeleniumLibrary">
<msg time="2025-05-29T19:05:30.962380" level="INFO">Typing text 'Gator' into text field '//Input[@name="username"]'.</msg>
<arg>locator=${INPUT_USERNAME}</arg>
<arg>text=${nome}</arg>
<doc>Types the given ``text`` into the text field identified by ``locator``.</doc>
<status status="PASS" start="2025-05-29T19:05:30.961471" elapsed="1.642225"/>
</kw>
<arg>${INVALID_USER_NAME}</arg>
<status status="PASS" start="2025-05-29T19:05:30.960650" elapsed="1.643328"/>
</kw>
<kw name="Informar a senha" owner="orange">
<kw name="Input Text" owner="SeleniumLibrary">
<msg time="2025-05-29T19:05:32.610238" level="INFO">Typing text 'admin123' into text field '//input[@name="password"]'.</msg>
<arg>locator=${INPUT_PASSWORD}</arg>
<arg>text=${password}</arg>
<doc>Types the given ``text`` into the text field identified by ``locator``.</doc>
<status status="PASS" start="2025-05-29T19:05:32.609588" elapsed="1.742139"/>
</kw>
<arg>${PASSWORD}</arg>
<status status="PASS" start="2025-05-29T19:05:32.608766" elapsed="1.743213"/>
</kw>
<kw name="Clicar no botão de login" owner="orange">
<kw name="Click Element" owner="SeleniumLibrary">
<msg time="2025-05-29T19:05:34.353350" level="INFO">Clicking element '//button[@class="oxd-button oxd-button--medium oxd-button--main orangehrm-login-button"]'.</msg>
<arg>locator=${BUTTON_LOGIN}</arg>
<doc>Click the element identified by ``locator``.</doc>
<status status="PASS" start="2025-05-29T19:05:34.353016" elapsed="1.829749"/>
</kw>
<status status="PASS" start="2025-05-29T19:05:34.352575" elapsed="1.830758"/>
</kw>
<kw name="Exibir resposta de credencial inválida" owner="orange">
<kw name="Wait Until Element Is Visible" owner="SeleniumLibrary">
<arg>locator=${INVALID_CREDENTIALS}</arg>
<doc>Waits until the element ``locator`` is visible.</doc>
<status status="PASS" start="2025-05-29T19:05:36.185153" elapsed="1.093526"/>
</kw>
<status status="PASS" start="2025-05-29T19:05:36.184431" elapsed="1.094438"/>
</kw>
<kw name="Close Browser" owner="SeleniumLibrary" type="TEARDOWN">
<doc>Closes the current browser.</doc>
<status status="PASS" start="2025-05-29T19:05:37.279538" elapsed="2.688304"/>
</kw>
<tag>Login</tag>
<tag>TC03</tag>
<status status="PASS" start="2025-05-29T19:05:24.936487" elapsed="15.031714"/>
</test>
<test id="s1-t4" name="TC04 - Acessar o site do Orange HRM e fazer login com senha inválida" line="38">
<kw name="Abrir o navegador e acessar o site" owner="orange" type="SETUP">
<kw name="Set Selenium Speed" owner="SeleniumLibrary">
<arg>value=0.5</arg>
<doc>Sets the delay that is waited after each Selenium command.</doc>
<status status="PASS" start="2025-05-29T19:05:39.971335" elapsed="0.000285"/>
</kw>
<kw name="Open Browser" owner="SeleniumLibrary">
<msg time="2025-05-29T19:05:39.972212" level="INFO">Opening browser 'edge' to base url 'https://opensource-demo.orangehrmlive.com/web/index.php/auth/login'.</msg>
<arg>browser=${BROWSER}</arg>
<arg>url=${URL}</arg>
<doc>Opens a new browser instance to the optional ``url``.</doc>
<status status="PASS" start="2025-05-29T19:05:39.971861" elapsed="5.584833"/>
</kw>
<kw name="Maximize Browser Window" owner="SeleniumLibrary">
<doc>Maximizes current browser window.</doc>
<status status="PASS" start="2025-05-29T19:05:45.556988" elapsed="0.541799"/>
</kw>
<status status="PASS" start="2025-05-29T19:05:39.970928" elapsed="6.130115"/>
</kw>
<kw name="Informar o nome de usuário" owner="orange">
<kw name="Input Text" owner="SeleniumLibrary">
<msg time="2025-05-29T19:05:46.106389" level="INFO">Typing text 'Admin' into text field '//Input[@name="username"]'.</msg>
<arg>locator=${INPUT_USERNAME}</arg>
<arg>text=${nome}</arg>
<doc>Types the given ``text`` into the text field identified by ``locator``.</doc>
<status status="PASS" start="2025-05-29T19:05:46.105318" elapsed="1.665368"/>
</kw>
<arg>${USER_NAME}</arg>
<status status="PASS" start="2025-05-29T19:05:46.102331" elapsed="1.668545"/>
</kw>
<kw name="Informar a senha" owner="orange">
<kw name="Input Text" owner="SeleniumLibrary">
<msg time="2025-05-29T19:05:47.772716" level="INFO">Typing text 'gator123' into text field '//input[@name="password"]'.</msg>
<arg>locator=${INPUT_PASSWORD}</arg>
<arg>text=${password}</arg>
<doc>Types the given ``text`` into the text field identified by ``locator``.</doc>
<status status="PASS" start="2025-05-29T19:05:47.772119" elapsed="1.715581"/>
</kw>
<arg>${INVALID_PASSWORD}</arg>
<status status="PASS" start="2025-05-29T19:05:47.771394" elapsed="1.716588"/>
</kw>
<kw name="Clicar no botão de login" owner="orange">
<kw name="Click Element" owner="SeleniumLibrary">
<msg time="2025-05-29T19:05:49.492766" level="INFO">Clicking element '//button[@class="oxd-button oxd-button--medium oxd-button--main orangehrm-login-button"]'.</msg>
<arg>locator=${BUTTON_LOGIN}</arg>
<doc>Click the element identified by ``locator``.</doc>
<status status="PASS" start="2025-05-29T19:05:49.492212" elapsed="3.416428"/>
</kw>
<status status="PASS" start="2025-05-29T19:05:49.491488" elapsed="3.417337"/>
</kw>
<kw name="Exibir resposta de senha inválida" owner="orange">
<kw name="Wait Until Element Is Visible" owner="SeleniumLibrary">
<arg>locator=${INVALID_CREDENTIALS}</arg>
<doc>Waits until the element ``locator`` is visible.</doc>
<status status="PASS" start="2025-05-29T19:05:52.909895" elapsed="1.739811"/>
</kw>
<status status="PASS" start="2025-05-29T19:05:52.909327" elapsed="1.740608"/>
</kw>
<kw name="Close Browser" owner="SeleniumLibrary" type="TEARDOWN">
<doc>Closes the current browser.</doc>
<status status="PASS" start="2025-05-29T19:05:54.650558" elapsed="2.661319"/>
</kw>
<tag>Login</tag>
<tag>TC04</tag>
<status status="PASS" start="2025-05-29T19:05:39.969712" elapsed="17.342566"/>
</test>
<test id="s1-t5" name="TC05 - Atualizar dados do usuário" line="46">
<kw name="Abrir o navegador e acessar o site" owner="orange" type="SETUP">
<kw name="Set Selenium Speed" owner="SeleniumLibrary">
<arg>value=0.5</arg>
<doc>Sets the delay that is waited after each Selenium command.</doc>
<status status="PASS" start="2025-05-29T19:05:57.314511" elapsed="0.000294"/>
</kw>
<kw name="Open Browser" owner="SeleniumLibrary">
<msg time="2025-05-29T19:05:57.315393" level="INFO">Opening browser 'edge' to base url 'https://opensource-demo.orangehrmlive.com/web/index.php/auth/login'.</msg>
<arg>browser=${BROWSER}</arg>
<arg>url=${URL}</arg>
<doc>Opens a new browser instance to the optional ``url``.</doc>
<status status="PASS" start="2025-05-29T19:05:57.315043" elapsed="5.562630"/>
</kw>
<kw name="Maximize Browser Window" owner="SeleniumLibrary">
<doc>Maximizes current browser window.</doc>
<status status="PASS" start="2025-05-29T19:06:02.877963" elapsed="0.540767"/>
</kw>
<status status="PASS" start="2025-05-29T19:05:57.314124" elapsed="6.104865"/>
</kw>
<kw name="Informar o nome de usuário" owner="orange">
<kw name="Input Text" owner="SeleniumLibrary">
<msg time="2025-05-29T19:06:03.421029" level="INFO">Typing text 'Admin' into text field '//Input[@name="username"]'.</msg>
<arg>locator=${INPUT_USERNAME}</arg>
<arg>text=${nome}</arg>
<doc>Types the given ``text`` into the text field identified by ``locator``.</doc>
<status status="PASS" start="2025-05-29T19:06:03.420387" elapsed="1.659294"/>
</kw>
<arg>${USER_NAME}</arg>
<status status="PASS" start="2025-05-29T19:06:03.419632" elapsed="1.660244"/>
</kw>
<kw name="Informar a senha" owner="orange">
<kw name="Input Text" owner="SeleniumLibrary">
<msg time="2025-05-29T19:06:05.081724" level="INFO">Typing text 'admin123' into text field '//input[@name="password"]'.</msg>
<arg>locator=${INPUT_PASSWORD}</arg>
<arg>text=${password}</arg>
<doc>Types the given ``text`` into the text field identified by ``locator``.</doc>
<status status="PASS" start="2025-05-29T19:06:05.081124" elapsed="1.790552"/>
</kw>
<arg>${PASSWORD}</arg>
<status status="PASS" start="2025-05-29T19:06:05.080401" elapsed="1.791476"/>
</kw>
<kw name="Clicar no botão de login" owner="orange">
<kw name="Click Element" owner="SeleniumLibrary">
<msg time="2025-05-29T19:06:06.873500" level="INFO">Clicking element '//button[@class="oxd-button oxd-button--medium oxd-button--main orangehrm-login-button"]'.</msg>
<arg>locator=${BUTTON_LOGIN}</arg>
<doc>Click the element identified by ``locator``.</doc>
<status status="PASS" start="2025-05-29T19:06:06.873025" elapsed="1.095650"/>
</kw>
<status status="PASS" start="2025-05-29T19:06:06.872411" elapsed="1.096456"/>
</kw>
<kw name="Verificar se o login foi feito" owner="orange">
<kw name="Wait Until Element Is Visible" owner="SeleniumLibrary">
<arg>locator=${BUTTON_UPGRADE}</arg>
<arg>timeout=15s</arg>
<doc>Waits until the element ``locator`` is visible.</doc>
<status status="PASS" start="2025-05-29T19:06:07.969955" elapsed="3.966701"/>
</kw>
<status status="PASS" start="2025-05-29T19:06:07.969384" elapsed="3.967485"/>
</kw>
<kw name="Clicar na opção my info" owner="orange">
<kw name="Click Element" owner="SeleniumLibrary">
<msg time="2025-05-29T19:06:11.938771" level="INFO">Clicking element '//*[@id="app"]/div[1]/div[1]/aside/nav/div[2]/ul/li[6]/a/span'.</msg>
<arg>locator=${BUTTON_MY_INFO}</arg>
<doc>Click the element identified by ``locator``.</doc>
<status status="PASS" start="2025-05-29T19:06:11.938122" elapsed="2.293617"/>
</kw>
<status status="PASS" start="2025-05-29T19:06:11.937430" elapsed="2.294661"/>
</kw>
<kw name="Atualizar first name ${FIRST_NAME}" owner="orange" source_name="Atualizar first name ${first_name}">
<kw name="Input Text" owner="SeleniumLibrary">
<msg time="2025-05-29T19:06:14.234852" level="INFO">Typing text 'André' into text field '//input[@class="oxd-input oxd-input--active orangehrm-firstname"]'.</msg>
<arg>locator=${INPUT_FIRST_NAME_FIELD}</arg>
<arg>text=${first_name}</arg>
<doc>Types the given ``text`` into the text field identified by ``locator``.</doc>
<status status="PASS" start="2025-05-29T19:06:14.234077" elapsed="1.641602"/>
</kw>
<status status="PASS" start="2025-05-29T19:06:14.232853" elapsed="1.643046"/>
</kw>
<kw name="Atualizar middle name ${MID_NAME}" owner="orange" source_name="Atualizar middle name ${mid_name}">
<kw name="Input Text" owner="SeleniumLibrary">
<msg time="2025-05-29T19:06:15.877456" level="INFO">Typing text 'Tocha' into text field '//input[@name="middleName"]'.</msg>
<arg>locator=${INPUT_MID_NAME_FIELD}</arg>
<arg>text=${mid_name}</arg>
<doc>Types the given ``text`` into the text field identified by ``locator``.</doc>
<status status="PASS" start="2025-05-29T19:06:15.877041" elapsed="1.643625"/>
</kw>
<status status="PASS" start="2025-05-29T19:06:15.876507" elapsed="1.644359"/>
</kw>
<kw name="Atualizar last name ${LAST_NAME}" owner="orange" source_name="Atualizar last name ${last_name}">
<kw name="Input Text" owner="SeleniumLibrary">
<msg time="2025-05-29T19:06:17.522368" level="INFO">Typing text 'Almeida' into text field '//input[@name="lastName"]'.</msg>
<arg>locator=${INPUT_LAST_NAME_FIELD}</arg>
<arg>text=${last_name}</arg>
<doc>Types the given ``text`` into the text field identified by ``locator``.</doc>
<status status="PASS" start="2025-05-29T19:06:17.521951" elapsed="1.646717"/>
</kw>
<status status="PASS" start="2025-05-29T19:06:17.521442" elapsed="1.647427"/>
</kw>
<kw name="Clicar no botão de salvar" owner="orange">
<kw name="Click Element" owner="SeleniumLibrary">
<msg time="2025-05-29T19:06:19.170463" level="INFO">Clicking element '//button[@class="oxd-button oxd-button--medium oxd-button--secondary orangehrm-left-space"]'.</msg>
<arg>locator=${BUTTON_SAVE}</arg>
<doc>Click the element identified by ``locator``.</doc>
<status status="PASS" start="2025-05-29T19:06:19.170127" elapsed="1.112550"/>
</kw>
<status status="PASS" start="2025-05-29T19:06:19.169714" elapsed="1.113182"/>
</kw>
<kw name="Verificar se nome foi substituido com sucesso" owner="orange">
<kw name="Click Element" owner="SeleniumLibrary">
<msg time="2025-05-29T19:06:20.284281" level="INFO">Clicking element '//img[@class="employee-image"]'.</msg>
<arg>locator=${IMG_USER}</arg>
<doc>Click the element identified by ``locator``.</doc>
<status status="PASS" start="2025-05-29T19:06:20.283951" elapsed="1.895720"/>
</kw>
<kw name="Wait Until Element Is Visible" owner="SeleniumLibrary">
<arg>locator=${IMG_USER}</arg>
<arg>timeout=15s</arg>
<doc>Waits until the element ``locator`` is visible.</doc>
<status status="PASS" start="2025-05-29T19:06:22.179962" elapsed="1.730715"/>
</kw>
<status status="PASS" start="2025-05-29T19:06:20.283504" elapsed="3.627367"/>
</kw>
<kw name="Close Browser" owner="SeleniumLibrary" type="TEARDOWN">
<doc>Closes the current browser.</doc>
<status status="PASS" start="2025-05-29T19:06:23.911544" elapsed="2.701376"/>
</kw>
<tag>TC05</tag>
<status status="PASS" start="2025-05-29T19:05:57.313406" elapsed="29.299874"/>
</test>
<doc>teste site Orange</doc>
<status status="PASS" start="2025-05-29T19:04:57.959797" elapsed="88.655606"/>
</suite>
<statistics>
<total>
<stat pass="5" fail="0" skip="0">All Tests</stat>
</total>
<tag>
<stat pass="4" fail="0" skip="0">Login</stat>
<stat pass="1" fail="0" skip="0">TC01</stat>
<stat pass="1" fail="0" skip="0">TC02</stat>
<stat pass="1" fail="0" skip="0">TC03</stat>
<stat pass="1" fail="0" skip="0">TC04</stat>
<stat pass="1" fail="0" skip="0">TC05</stat>
</tag>
<suite>
<stat pass="5" fail="0" skip="0" id="s1" name="Test Orange">Test Orange</stat>
</suite>
</statistics>
<errors>
</errors>
</robot>
